<?xml version="1.0" encoding="UTF-8"?>
<testng-results ignored="0" total="3" passed="3" failed="0" skipped="0">
  <reporter-output>
  </reporter-output>
  <suite started-at="2022-06-23T19:42:14 IST" name="Default suite" finished-at="2022-06-23T19:42:31 IST" duration-ms="16753">
    <groups>
      <group name="cucumber">
        <method signature="AbstractTestNGCucumberTests.runScenario(io.cucumber.testng.PickleWrapper,io.cucumber.testng.FeatureWrapper)[pri:0, instance:com.abc.testrunner.Testrunnerwithtestng@7c24b813]" name="runScenario" class="io.cucumber.testng.AbstractTestNGCucumberTests"/>
      </group> <!-- cucumber -->
    </groups>
    <test started-at="2022-06-23T19:42:14 IST" name="Default test" finished-at="2022-06-23T19:42:31 IST" duration-ms="16753">
      <class name="com.abc.testrunner.Testrunnerwithtestng">
        <test-method is-config="true" signature="setUpClass()[pri:0, instance:com.abc.testrunner.Testrunnerwithtestng@7c24b813]" started-at="2022-06-23T19:42:14 IST" name="setUpClass" finished-at="2022-06-23T19:42:14 IST" duration-ms="586" status="PASS">
          <reporter-output>
          </reporter-output>
        </test-method> <!-- setUpClass -->
        <test-method signature="runScenario(io.cucumber.testng.PickleWrapper,io.cucumber.testng.FeatureWrapper)[pri:0, instance:com.abc.testrunner.Testrunnerwithtestng@7c24b813]" started-at="2022-06-23T19:42:14 IST" name="runScenario" description="Runs Cucumber Scenarios" data-provider="scenarios" finished-at="2022-06-23T19:42:27 IST" duration-ms="12984" status="PASS">
          <params>
            <param index="0">
              <value>
                <![CDATA["verify that user should not be able to login with invalid credintial"]]>
              </value>
            </param>
            <param index="1">
              <value>
                <![CDATA["Optional[login feature]"]]>
              </value>
            </param>
          </params>
          <reporter-output>
          </reporter-output>
        </test-method> <!-- runScenario -->
        <test-method signature="runScenario(io.cucumber.testng.PickleWrapper,io.cucumber.testng.FeatureWrapper)[pri:0, instance:com.abc.testrunner.Testrunnerwithtestng@7c24b813]" started-at="2022-06-23T19:42:27 IST" name="runScenario" description="Runs Cucumber Scenarios" data-provider="scenarios" finished-at="2022-06-23T19:42:29 IST" duration-ms="1526" status="PASS">
          <params>
            <param index="0">
              <value>
                <![CDATA["verify that user should not be able to login with invalid credintial"]]>
              </value>
            </param>
            <param index="1">
              <value>
                <![CDATA["Optional[login feature]"]]>
              </value>
            </param>
          </params>
          <reporter-output>
          </reporter-output>
        </test-method> <!-- runScenario -->
        <test-method signature="runScenario(io.cucumber.testng.PickleWrapper,io.cucumber.testng.FeatureWrapper)[pri:0, instance:com.abc.testrunner.Testrunnerwithtestng@7c24b813]" started-at="2022-06-23T19:42:29 IST" name="runScenario" description="Runs Cucumber Scenarios" data-provider="scenarios" finished-at="2022-06-23T19:42:30 IST" duration-ms="1436" status="PASS">
          <params>
            <param index="0">
              <value>
                <![CDATA["verify that user should not be able to login with invalid credintial"]]>
              </value>
            </param>
            <param index="1">
              <value>
                <![CDATA["Optional[login feature]"]]>
              </value>
            </param>
          </params>
          <reporter-output>
          </reporter-output>
        </test-method> <!-- runScenario -->
        <test-method is-config="true" signature="tearDownClass()[pri:0, instance:com.abc.testrunner.Testrunnerwithtestng@7c24b813]" started-at="2022-06-23T19:42:30 IST" name="tearDownClass" finished-at="2022-06-23T19:42:31 IST" duration-ms="175" status="PASS">
          <reporter-output>
          </reporter-output>
        </test-method> <!-- tearDownClass -->
      </class> <!-- com.abc.testrunner.Testrunnerwithtestng -->
    </test> <!-- Default test -->
  </suite> <!-- Default suite -->
</testng-results>
